<?xml version="1.0" encoding="UTF-8"?>
<!-- Generated by org.testng.reporters.JUnitReportReporter -->
<testsuite skipped="0" hostname="SivaKrishnan-Home" name="RunTest" tests="2" failures="0" timestamp="2022-01-12T15:56:23 IST" time="56.346" errors="0">
  <testcase name="runScenario" time="43.403" classname="RunTest"/>
  <system-out/>
  <testcase name="runScenario" time="12.943" classname="RunTest"/>
  <system-out/>
</testsuite> <!-- RunTest -->
